
> clockify-xcfe@0.1.0 dev:addon /Users/15x/Downloads/xCustomFieldExpander/clockify-xcfe
> node simple-addon.mjs

node:events:502
      throw er; // Unhandled 'error' event
      ^

Error: listen EADDRINUSE: address already in use :::8080
    at Server.setupListenHandle [as _listen2] (node:net:1908:16)
    at listenInCluster (node:net:1965:12)
    at Server.listen (node:net:2067:7)
    at file:///Users/15x/Downloads/xCustomFieldExpander/clockify-xcfe/simple-addon.mjs:884:8
    at ModuleJob.run (node:internal/modules/esm/module_job:263:25)
    at async ModuleLoader.import (node:internal/modules/esm/loader:540:24)
    at async asyncRunEntryPointWithESMLoader (node:internal/modules/run_main:117:5)
Emitted 'error' event on Server instance at:
    at emitErrorNT (node:net:1944:8)
    at process.processTicksAndRejections (node:internal/process/task_queues:82:21) {
  code: 'EADDRINUSE',
  errno: -48,
  syscall: 'listen',
  address: '::',
  port: 8080
}

Node.js v20.19.4
 ELIFECYCLE  Command failed with exit code 1.
